mode: atomic
github.com/n-is/goEmbed/core/lua/lua.go:32.58,51.16 6 13
github.com/n-is/goEmbed/core/lua/lua.go:55.2,55.57 1 13
github.com/n-is/goEmbed/core/lua/lua.go:51.16,52.13 1 0
github.com/n-is/goEmbed/core/lua/lua.go:60.58,63.2 1 6
github.com/n-is/goEmbed/core/lua/lua.go:67.59,70.2 1 1
github.com/n-is/goEmbed/core/lua/lua.go:75.70,77.25 1 5
github.com/n-is/goEmbed/core/lua/lua.go:78.43,79.44 1 5
github.com/n-is/goEmbed/core/lua/lua.go:86.76,90.2 2 3
github.com/n-is/goEmbed/core/lua/lua.go:95.43,104.2 5 6
github.com/n-is/goEmbed/core/lua/lua.go:109.48,118.2 5 7
github.com/n-is/goEmbed/core/lua/lua.go:123.39,132.2 5 2
github.com/n-is/goEmbed/core/lua/lua.go:137.56,147.2 6 4
github.com/n-is/goEmbed/core/lua/lua.go:150.75,152.22 2 5
github.com/n-is/goEmbed/core/lua/lua.go:163.2,163.12 1 5
github.com/n-is/goEmbed/core/lua/lua.go:152.22,153.24 1 6
github.com/n-is/goEmbed/core/lua/lua.go:154.31,156.33 2 2
github.com/n-is/goEmbed/core/lua/lua.go:157.11,158.45 1 4
github.com/n-is/goEmbed/core/lua/lua.go:167.47,168.31 1 20
github.com/n-is/goEmbed/core/lua/lua.go:188.2,188.17 1 1
github.com/n-is/goEmbed/core/lua/lua.go:169.15,170.28 1 6
github.com/n-is/goEmbed/core/lua/lua.go:171.15,172.37 1 1
github.com/n-is/goEmbed/core/lua/lua.go:173.14,174.28 1 4
github.com/n-is/goEmbed/core/lua/lua.go:175.13,176.28 1 1
github.com/n-is/goEmbed/core/lua/lua.go:177.13,178.35 1 1
github.com/n-is/goEmbed/core/lua/lua.go:179.11,180.35 1 2
github.com/n-is/goEmbed/core/lua/lua.go:181.12,182.26 1 2
github.com/n-is/goEmbed/core/lua/lua.go:183.18,184.15 1 1
github.com/n-is/goEmbed/core/lua/lua.go:185.11,186.18 1 1
github.com/n-is/goEmbed/core/lua/lua.go:192.44,193.27 1 18
github.com/n-is/goEmbed/core/lua/lua.go:204.2,204.12 1 0
github.com/n-is/goEmbed/core/lua/lua.go:194.19,195.29 1 15
github.com/n-is/goEmbed/core/lua/lua.go:196.19,197.29 1 1
github.com/n-is/goEmbed/core/lua/lua.go:198.17,199.19 1 0
github.com/n-is/goEmbed/core/lua/lua.go:200.19,201.27 1 2
github.com/n-is/goEmbed/core/lua/lua.go:208.61,209.40 1 6
github.com/n-is/goEmbed/core/lua/lua.go:222.2,222.12 1 0
github.com/n-is/goEmbed/core/lua/lua.go:209.40,211.43 2 6
github.com/n-is/goEmbed/core/lua/lua.go:219.3,219.15 1 6
github.com/n-is/goEmbed/core/lua/lua.go:211.43,214.31 2 9
github.com/n-is/goEmbed/core/lua/lua.go:214.31,217.5 2 9
github.com/n-is/goEmbed/core/lua/lua.go:227.50,233.49 4 10
github.com/n-is/goEmbed/core/lua/lua.go:238.2,238.12 1 5
github.com/n-is/goEmbed/core/lua/lua.go:233.49,236.3 2 5
github.com/n-is/goEmbed/core/tengo/tengo.go:37.77,44.40 5 1
github.com/n-is/goEmbed/core/tengo/tengo.go:47.2,52.10 4 1
github.com/n-is/goEmbed/core/tengo/tengo.go:44.40,46.3 1 1
github.com/n-is/goEmbed/core/tengo/tengo.go:59.72,61.27 2 10
github.com/n-is/goEmbed/core/tengo/tengo.go:73.2,75.12 2 9
github.com/n-is/goEmbed/core/tengo/tengo.go:62.12,63.17 1 1
github.com/n-is/goEmbed/core/tengo/tengo.go:64.14,65.17 1 1
github.com/n-is/goEmbed/core/tengo/tengo.go:66.14,67.17 1 1
github.com/n-is/goEmbed/core/tengo/tengo.go:68.14,69.49 1 1
github.com/n-is/goEmbed/core/tengo/tengo.go:70.10,71.10 1 6
github.com/n-is/goEmbed/core/tengo/tengo.go:81.39,84.16 2 5
github.com/n-is/goEmbed/core/tengo/tengo.go:87.2,88.12 2 5
github.com/n-is/goEmbed/core/tengo/tengo.go:84.16,86.3 1 0
github.com/n-is/goEmbed/core/tengo/tengo.go:94.41,100.2 3 5
github.com/n-is/goEmbed/core/tengo/tengo.go:106.58,112.2 3 0
github.com/n-is/goEmbed/core/tengo/tengo.go:117.45,123.2 3 0
github.com/n-is/goEmbed/core/tengo/tengo.go:128.41,134.2 3 0
github.com/n-is/goEmbed/core/tengo/tengo.go:139.45,145.2 3 0
github.com/n-is/goEmbed/core/tests/golua/luaNBody.go:5.37,12.2 3 0
github.com/n-is/goEmbed/core/tests/golua/luaNBody.go:14.50,20.37 3 0
github.com/n-is/goEmbed/core/tests/golua/luaNBody.go:20.37,22.3 1 0
github.com/n-is/goEmbed/core/tests/golua/luaNBody.go:22.8,25.3 1 0
github.com/n-is/goEmbed/core/tests/golua/tree.go:5.36,12.2 3 0
github.com/n-is/goEmbed/core/tests/golua/tree.go:14.49,20.37 3 0
github.com/n-is/goEmbed/core/tests/golua/tree.go:20.37,22.3 1 0
github.com/n-is/goEmbed/core/tests/golua/tree.go:22.8,25.3 1 0
github.com/n-is/goEmbed/core/tests/golua/utils.go:10.69,14.16 2 2
github.com/n-is/goEmbed/core/tests/golua/utils.go:19.2,22.40 3 2
github.com/n-is/goEmbed/core/tests/golua/utils.go:14.16,15.13 1 0
github.com/n-is/goEmbed/core/tests/golua/concat.go:12.13,14.2 1 1
github.com/n-is/goEmbed/core/tests/golua/concat.go:16.38,23.2 3 1
github.com/n-is/goEmbed/core/tests/golua/concat.go:25.67,32.2 3 3
github.com/n-is/goEmbed/core/tests/golua/concat.go:34.31,36.19 2 0
github.com/n-is/goEmbed/core/tests/golua/concat.go:39.2,39.18 1 0
github.com/n-is/goEmbed/core/tests/golua/concat.go:36.19,38.3 1 0
github.com/n-is/goEmbed/core/tests/golua/fib.go:5.35,12.2 3 1
github.com/n-is/goEmbed/core/tests/golua/fib.go:14.44,20.35 3 16
github.com/n-is/goEmbed/core/tests/golua/fib.go:20.35,22.3 1 16
github.com/n-is/goEmbed/core/tests/golua/fib.go:22.8,25.3 1 0
github.com/n-is/goEmbed/core/tests/golua/fib.go:28.23,30.11 1 16
github.com/n-is/goEmbed/core/tests/golua/fib.go:34.2,34.12 1 13
github.com/n-is/goEmbed/core/tests/golua/fib.go:40.2,42.26 2 11
github.com/n-is/goEmbed/core/tests/golua/fib.go:48.2,48.11 1 11
github.com/n-is/goEmbed/core/tests/golua/fib.go:30.11,32.3 1 3
github.com/n-is/goEmbed/core/tests/golua/fib.go:34.12,36.3 1 1
github.com/n-is/goEmbed/core/tests/golua/fib.go:36.8,36.19 1 12
github.com/n-is/goEmbed/core/tests/golua/fib.go:36.19,38.3 1 1
github.com/n-is/goEmbed/core/tests/golua/fib.go:42.26,46.3 3 338
github.com/n-is/goEmbed/core/tests/golua/goNBody.go:7.37,10.2 1 1
github.com/n-is/goEmbed/core/tests/golua/goNBody.go:12.58,14.32 1 1
github.com/n-is/goEmbed/core/tests/golua/goNBody.go:17.2,17.24 1 1
github.com/n-is/goEmbed/core/tests/golua/goNBody.go:14.32,16.3 1 50000000
github.com/n-is/goEmbed/core/tests/golua/goNBody.go:24.37,31.35 5 1
github.com/n-is/goEmbed/core/tests/golua/goNBody.go:36.2,38.38 2 1
github.com/n-is/goEmbed/core/tests/golua/goNBody.go:31.35,35.3 3 5
github.com/n-is/goEmbed/core/tests/golua/goNBody.go:41.45,42.38 1 50000000
github.com/n-is/goEmbed/core/tests/golua/goNBody.go:63.2,63.33 1 50000000
github.com/n-is/goEmbed/core/tests/golua/goNBody.go:42.38,44.43 2 250000000
github.com/n-is/goEmbed/core/tests/golua/goNBody.go:44.43,60.4 12 500000000
github.com/n-is/goEmbed/core/tests/golua/goNBody.go:63.33,67.3 3 250000000
github.com/n-is/goEmbed/core/tests/golua/goNBody.go:70.42,74.38 3 1
github.com/n-is/goEmbed/core/tests/golua/goNBody.go:90.2,90.10 1 1
github.com/n-is/goEmbed/core/tests/golua/goNBody.go:74.38,79.43 4 5
github.com/n-is/goEmbed/core/tests/golua/goNBody.go:79.43,88.4 7 10
github.com/n-is/goEmbed/core/tests/golua/goNBody.go:103.22,115.2 2 1
github.com/n-is/goEmbed/core/tests/golua/goNBody.go:117.21,129.2 2 1
github.com/n-is/goEmbed/core/tests/golua/goNBody.go:131.21,143.2 2 1
github.com/n-is/goEmbed/core/tests/golua/goNBody.go:145.22,157.2 2 1
github.com/n-is/goEmbed/core/tests/golua/goNBody.go:159.18,165.2 2 1
github.com/n-is/goEmbed/core/tests/golua/goNBody.go:167.51,171.2 3 1
